<?xml version="1.0" encoding="UTF-8"?>
<testng-results ignored="0" total="1" passed="1" failed="0" skipped="0">
  <reporter-output>
  </reporter-output>
  <suite started-at="2024-03-21T18:07:33 IST" name="Suite" finished-at="2024-03-21T18:07:33 IST" duration-ms="35">
    <groups>
    </groups>
    <test started-at="2024-03-21T18:07:33 IST" name="Test" finished-at="2024-03-21T18:07:33 IST" duration-ms="35">
      <class name="test.testNG">
        <test-method signature="demo()[pri:0, instance:test.testNG@69b2283a]" started-at="2024-03-21T18:07:33 IST" name="demo" finished-at="2024-03-21T18:07:33 IST" duration-ms="8" status="PASS">
          <reporter-output>
          </reporter-output>
        </test-method> <!-- demo -->
      </class> <!-- test.testNG -->
    </test> <!-- Test -->
  </suite> <!-- Suite -->
</testng-results>
