<?xml version="1.0" encoding="UTF-8"?>
<testng-results ignored="0" total="1" passed="1" failed="0" skipped="0">
  <reporter-output>
  </reporter-output>
  <suite started-at="2024-03-25T18:07:27 IST" name="Default suite" finished-at="2024-03-25T18:07:27 IST" duration-ms="40">
    <groups>
    </groups>
    <test started-at="2024-03-25T18:07:27 IST" name="Default test" finished-at="2024-03-25T18:07:27 IST" duration-ms="40">
      <class name="PC1">
        <test-method is-config="true" signature="beforeMethod()[pri:0, instance:PC1@3ba9ad43]" started-at="2024-03-25T18:07:27 IST" name="beforeMethod" finished-at="2024-03-25T18:07:27 IST" duration-ms="6" status="PASS">
          <reporter-output>
          </reporter-output>
        </test-method> <!-- beforeMethod -->
        <test-method signature="testRun()[pri:0, instance:PC1@3ba9ad43]" started-at="2024-03-25T18:07:27 IST" name="testRun" finished-at="2024-03-25T18:07:27 IST" duration-ms="7" status="PASS">
          <reporter-output>
          </reporter-output>
        </test-method> <!-- testRun -->
        <test-method is-config="true" signature="AfterMethod()[pri:0, instance:PC1@3ba9ad43]" started-at="2024-03-25T18:07:27 IST" name="AfterMethod" finished-at="2024-03-25T18:07:27 IST" duration-ms="0" status="PASS">
          <reporter-output>
          </reporter-output>
        </test-method> <!-- AfterMethod -->
      </class> <!-- PC1 -->
    </test> <!-- Default test -->
  </suite> <!-- Default suite -->
</testng-results>
