<?xml version="1.0" encoding="UTF-8"?>
<testng-results ignored="0" total="1" passed="1" failed="0" skipped="0">
  <reporter-output>
  </reporter-output>
  <suite started-at="2024-04-23T12:20:47 IST" name="Default suite" finished-at="2024-04-23T12:20:53 IST" duration-ms="5347">
    <groups>
    </groups>
    <test started-at="2024-04-23T12:20:47 IST" name="Default test" finished-at="2024-04-23T12:20:53 IST" duration-ms="5347">
      <class name="KiranKabothula.ExtentReports.ExtentReportsDemo">
        <test-method is-config="true" signature="config()[pri:0, instance:KiranKabothula.ExtentReports.ExtentReportsDemo@49b0b76]" started-at="2024-04-23T12:20:47 IST" name="config" finished-at="2024-04-23T12:20:48 IST" duration-ms="310" status="PASS">
          <reporter-output>
          </reporter-output>
        </test-method> <!-- config -->
        <test-method signature="intialDemo()[pri:0, instance:KiranKabothula.ExtentReports.ExtentReportsDemo@49b0b76]" started-at="2024-04-23T12:20:48 IST" name="intialDemo" finished-at="2024-04-23T12:20:53 IST" duration-ms="5003" status="PASS">
          <reporter-output>
          </reporter-output>
        </test-method> <!-- intialDemo -->
      </class> <!-- KiranKabothula.ExtentReports.ExtentReportsDemo -->
    </test> <!-- Default test -->
  </suite> <!-- Default suite -->
</testng-results>
